# JRE version: Java(TM) SE Runtime Environment (21.0+35) (build 21+35-LTS-2513)
# Java VM: Java HotSpot(TM) 64-Bit Server VM (21+35-LTS-2513, mixed mode, sharing, tiered, compressed oops, compressed class ptrs, g1 gc, windows-amd64)
GC Precious Log:
 CardTable entry size: 512
 Card Set container configuration: InlinePtr #cards 5 size 8 Array Of Cards #cards 12 size 40 Howl #buckets 4 coarsen threshold 1843 Howl Bitmap #cards 512 size 80 coarsen threshold 460 Card regions per heap region 1 cards per card region 2048
 CPUs: 4 total, 4 available
 Memory: 3499M
 Large Page Support: Disabled
 NUMA Support: Disabled
 Compressed Oops: Enabled (32-bit)
 Heap Region Size: 1M
 Heap Min Capacity: 8M
 Heap Initial Capacity: 56M
 Heap Max Capacity: 876M
 Pre-touch: Disabled
 Parallel Workers: 4
 Concurrent Workers: 1
 Concurrent Refinement Workers: 4
 Periodic GC: Disabled
Heap:
 garbage-first heap   total 57344K, used 8522K [0x00000000c9400000, 0x0000000100000000)
  region size 1024K, 5 young (5120K), 3 survivors (3072K)
 Metaspace       used 15941K, committed 16256K, reserved 1114112K
  class space    used 2031K, committed 2176K, reserved 1048576K
GC Heap History (10 events):
Event: 1.103 GC heap before
{Heap before GC invocations=0 (full 0):
 garbage-first heap   total 57344K, used 13312K [0x00000000c9400000, 0x0000000100000000)
  region size 1024K, 13 young (13312K), 0 survivors (0K)
 Metaspace       used 1796K, committed 2048K, reserved 1114112K
  class space    used 180K, committed 320K, reserved 1048576K
}
Event: 1.114 GC heap after
{Heap after GC invocations=1 (full 0):
 garbage-first heap   total 57344K, used 1920K [0x00000000c9400000, 0x0000000100000000)
  region size 1024K, 2 young (2048K), 2 survivors (2048K)
 Metaspace       used 1796K, committed 2048K, reserved 1114112K
  class space    used 180K, committed 320K, reserved 1048576K
}
Event: 4.130 GC heap before
{Heap before GC invocations=1 (full 0):
 garbage-first heap   total 57344K, used 23424K [0x00000000c9400000, 0x0000000100000000)
  region size 1024K, 23 young (23552K), 2 survivors (2048K)
 Metaspace       used 4201K, committed 4480K, reserved 1114112K
  class space    used 440K, committed 576K, reserved 1048576K
}
Event: 4.139 GC heap after
{Heap after GC invocations=2 (full 0):
 garbage-first heap   total 57344K, used 3373K [0x00000000c9400000, 0x0000000100000000)
  region size 1024K, 2 young (2048K), 2 survivors (2048K)
 Metaspace       used 4201K, committed 4480K, reserved 1114112K
  class space    used 440K, committed 576K, reserved 1048576K
}
Event: 8.637 GC heap before
{Heap before GC invocations=2 (full 0):
 garbage-first heap   total 57344K, used 35117K [0x00000000c9400000, 0x0000000100000000)
  region size 1024K, 33 young (33792K), 2 survivors (2048K)
 Metaspace       used 8571K, committed 8896K, reserved 1114112K
  class space    used 1021K, committed 1152K, reserved 1048576K
}
Event: 8.647 GC heap after
{Heap after GC invocations=3 (full 0):
 garbage-first heap   total 57344K, used 4835K [0x00000000c9400000, 0x0000000100000000)
  region size 1024K, 3 young (3072K), 3 survivors (3072K)
 Metaspace       used 8571K, committed 8896K, reserved 1114112K
  class space    used 1021K, committed 1152K, reserved 1048576K
}
Event: 11.050 GC heap before
{Heap before GC invocations=3 (full 0):
 garbage-first heap   total 57344K, used 34531K [0x00000000c9400000, 0x0000000100000000)
  region size 1024K, 33 young (33792K), 3 survivors (3072K)
 Metaspace       used 11312K, committed 11712K, reserved 1114112K
  class space    used 1405K, committed 1600K, reserved 1048576K
}
Event: 11.055 GC heap after
{Heap after GC invocations=4 (full 0):
 garbage-first heap   total 57344K, used 5490K [0x00000000c9400000, 0x0000000100000000)
  region size 1024K, 3 young (3072K), 3 survivors (3072K)
 Metaspace       used 11312K, committed 11712K, reserved 1114112K
  class space    used 1405K, committed 1600K, reserved 1048576K
}
Event: 11.645 GC heap before
{Heap before GC invocations=4 (full 0):
 garbage-first heap   total 57344K, used 36210K [0x00000000c9400000, 0x0000000100000000)
  region size 1024K, 33 young (33792K), 3 survivors (3072K)
 Metaspace       used 13057K, committed 13440K, reserved 1114112K
  class space    used 1709K, committed 1856K, reserved 1048576K
}
Event: 11.652 GC heap after
{Heap after GC invocations=5 (full 0):
 garbage-first heap   total 57344K, used 6198K [0x00000000c9400000, 0x0000000100000000)
  region size 1024K, 3 young (3072K), 3 survivors (3072K)
 Metaspace       used 13057K, committed 13440K, reserved 1114112K
  class space    used 1709K, committed 1856K, reserved 1048576K
}

