# JRE version: Java(TM) SE Runtime Environment (21.0+35) (build 21+35-LTS-2513)
# Java VM: Java HotSpot(TM) 64-Bit Server VM (21+35-LTS-2513, mixed mode, emulated-client, sharing, tiered, compressed oops, compressed class ptrs, g1 gc, windows-amd64)
GC Precious Log:
 CardTable entry size: 512
 Card Set container configuration: InlinePtr #cards 5 size 8 Array Of Cards #cards 12 size 40 Howl #buckets 4 coarsen threshold 1843 Howl Bitmap #cards 512 size 80 coarsen threshold 460 Card regions per heap region 1 cards per card region 2048
 CPUs: 4 total, 4 available
 Memory: 3499M
 Large Page Support: Disabled
 NUMA Support: Disabled
 Compressed Oops: Enabled (32-bit)
 Heap Region Size: 1M
 Heap Min Capacity: 8M
 Heap Initial Capacity: 56M
 Heap Max Capacity: 876M
 Pre-touch: Disabled
 Parallel Workers: 4
 Concurrent Workers: 1
 Concurrent Refinement Workers: 4
 Periodic GC: Disabled
Heap:
 garbage-first heap   total 57344K, used 41180K [0x00000000c9400000, 0x0000000100000000)
  region size 1024K, 17 young (17408K), 3 survivors (3072K)
 Metaspace       used 60613K, committed 61312K, reserved 1114112K
  class space    used 8684K, committed 9024K, reserved 1048576K
GC Heap History (20 events):
Event: 15.602 GC heap before
{Heap before GC invocations=7 (full 0):
 garbage-first heap   total 57344K, used 46424K [0x00000000c9400000, 0x0000000100000000)
  region size 1024K, 30 young (30720K), 1 survivors (1024K)
 Metaspace       used 24887K, committed 25344K, reserved 1114112K
  class space    used 3511K, committed 3712K, reserved 1048576K
}
Event: 15.613 GC heap after
{Heap after GC invocations=8 (full 0):
 garbage-first heap   total 57344K, used 19364K [0x00000000c9400000, 0x0000000100000000)
  region size 1024K, 4 young (4096K), 4 survivors (4096K)
 Metaspace       used 24887K, committed 25344K, reserved 1114112K
  class space    used 3511K, committed 3712K, reserved 1048576K
}
Event: 17.401 GC heap before
{Heap before GC invocations=8 (full 0):
 garbage-first heap   total 57344K, used 47012K [0x00000000c9400000, 0x0000000100000000)
  region size 1024K, 31 young (31744K), 4 survivors (4096K)
 Metaspace       used 29376K, committed 29824K, reserved 1114112K
  class space    used 4138K, committed 4352K, reserved 1048576K
}
Event: 17.416 GC heap after
{Heap after GC invocations=9 (full 0):
 garbage-first heap   total 57344K, used 20480K [0x00000000c9400000, 0x0000000100000000)
  region size 1024K, 2 young (2048K), 2 survivors (2048K)
 Metaspace       used 29376K, committed 29824K, reserved 1114112K
  class space    used 4138K, committed 4352K, reserved 1048576K
}
Event: 19.688 GC heap before
{Heap before GC invocations=9 (full 0):
 garbage-first heap   total 57344K, used 49152K [0x00000000c9400000, 0x0000000100000000)
  region size 1024K, 30 young (30720K), 2 survivors (2048K)
 Metaspace       used 33969K, committed 34560K, reserved 1114112K
  class space    used 4660K, committed 4928K, reserved 1048576K
}
Event: 19.700 GC heap after
{Heap after GC invocations=10 (full 0):
 garbage-first heap   total 57344K, used 22357K [0x00000000c9400000, 0x0000000100000000)
  region size 1024K, 4 young (4096K), 4 survivors (4096K)
 Metaspace       used 33969K, committed 34560K, reserved 1114112K
  class space    used 4660K, committed 4928K, reserved 1048576K
}
Event: 19.932 GC heap before
{Heap before GC invocations=10 (full 0):
 garbage-first heap   total 57344K, used 26453K [0x00000000c9400000, 0x0000000100000000)
  region size 1024K, 10 young (10240K), 4 survivors (4096K)
 Metaspace       used 35454K, committed 35968K, reserved 1114112K
  class space    used 4820K, committed 5056K, reserved 1048576K
}
Event: 19.943 GC heap after
{Heap after GC invocations=11 (full 0):
 garbage-first heap   total 57344K, used 22984K [0x00000000c9400000, 0x0000000100000000)
  region size 1024K, 3 young (3072K), 3 survivors (3072K)
 Metaspace       used 35454K, committed 35968K, reserved 1114112K
  class space    used 4820K, committed 5056K, reserved 1048576K
}
Event: 21.098 GC heap before
{Heap before GC invocations=12 (full 0):
 garbage-first heap   total 57344K, used 42440K [0x00000000c9400000, 0x0000000100000000)
  region size 1024K, 23 young (23552K), 3 survivors (3072K)
 Metaspace       used 38499K, committed 39040K, reserved 1114112K
  class space    used 5244K, committed 5504K, reserved 1048576K
}
Event: 21.106 GC heap after
{Heap after GC invocations=13 (full 0):
 garbage-first heap   total 57344K, used 24044K [0x00000000c9400000, 0x0000000100000000)
  region size 1024K, 2 young (2048K), 2 survivors (2048K)
 Metaspace       used 38499K, committed 39040K, reserved 1114112K
  class space    used 5244K, committed 5504K, reserved 1048576K
}
Event: 23.917 GC heap before
{Heap before GC invocations=13 (full 0):
 garbage-first heap   total 57344K, used 45548K [0x00000000c9400000, 0x0000000100000000)
  region size 1024K, 23 young (23552K), 2 survivors (2048K)
 Metaspace       used 43029K, committed 43648K, reserved 1114112K
  class space    used 5991K, committed 6272K, reserved 1048576K
}
Event: 23.925 GC heap after
{Heap after GC invocations=14 (full 0):
 garbage-first heap   total 57344K, used 24749K [0x00000000c9400000, 0x0000000100000000)
  region size 1024K, 3 young (3072K), 3 survivors (3072K)
 Metaspace       used 43029K, committed 43648K, reserved 1114112K
  class space    used 5991K, committed 6272K, reserved 1048576K
}
Event: 26.943 GC heap before
{Heap before GC invocations=14 (full 0):
 garbage-first heap   total 57344K, used 46253K [0x00000000c9400000, 0x0000000100000000)
  region size 1024K, 24 young (24576K), 3 survivors (3072K)
 Metaspace       used 47637K, committed 48192K, reserved 1114112K
  class space    used 6683K, committed 6912K, reserved 1048576K
}
Event: 26.955 GC heap after
{Heap after GC invocations=15 (full 0):
 garbage-first heap   total 57344K, used 25739K [0x00000000c9400000, 0x0000000100000000)
  region size 1024K, 3 young (3072K), 3 survivors (3072K)
 Metaspace       used 47637K, committed 48192K, reserved 1114112K
  class space    used 6683K, committed 6912K, reserved 1048576K
}
Event: 29.247 GC heap before
{Heap before GC invocations=15 (full 0):
 garbage-first heap   total 57344K, used 46219K [0x00000000c9400000, 0x0000000100000000)
  region size 1024K, 24 young (24576K), 3 survivors (3072K)
 Metaspace       used 53360K, committed 53888K, reserved 1114112K
  class space    used 7498K, committed 7744K, reserved 1048576K
}
Event: 29.253 GC heap after
{Heap after GC invocations=16 (full 0):
 garbage-first heap   total 57344K, used 26501K [0x00000000c9400000, 0x0000000100000000)
  region size 1024K, 2 young (2048K), 2 survivors (2048K)
 Metaspace       used 53360K, committed 53888K, reserved 1114112K
  class space    used 7498K, committed 7744K, reserved 1048576K
}
Event: 33.782 GC heap before
{Heap before GC invocations=16 (full 0):
 garbage-first heap   total 57344K, used 48005K [0x00000000c9400000, 0x0000000100000000)
  region size 1024K, 24 young (24576K), 2 survivors (2048K)
 Metaspace       used 57714K, committed 58368K, reserved 1114112K
  class space    used 8231K, committed 8512K, reserved 1048576K
}
Event: 33.787 GC heap after
{Heap after GC invocations=17 (full 0):
 garbage-first heap   total 57344K, used 27305K [0x00000000c9400000, 0x0000000100000000)
  region size 1024K, 2 young (2048K), 2 survivors (2048K)
 Metaspace       used 57714K, committed 58368K, reserved 1114112K
  class space    used 8231K, committed 8512K, reserved 1048576K
}
Event: 35.533 GC heap before
{Heap before GC invocations=17 (full 0):
 garbage-first heap   total 57344K, used 36521K [0x00000000c9400000, 0x0000000100000000)
  region size 1024K, 12 young (12288K), 2 survivors (2048K)
 Metaspace       used 59838K, committed 60480K, reserved 1114112K
  class space    used 8585K, committed 8896K, reserved 1048576K
}
Event: 35.538 GC heap after
{Heap after GC invocations=18 (full 0):
 garbage-first heap   total 57344K, used 27868K [0x00000000c9400000, 0x0000000100000000)
  region size 1024K, 3 young (3072K), 3 survivors (3072K)
 Metaspace       used 59838K, committed 60480K, reserved 1114112K
  class space    used 8585K, committed 8896K, reserved 1048576K
}

