# JRE version: Java(TM) SE Runtime Environment (21.0+35) (build 21+35-LTS-2513)
# Java VM: Java HotSpot(TM) 64-Bit Server VM (21+35-LTS-2513, mixed mode, sharing, tiered, compressed oops, compressed class ptrs, g1 gc, windows-amd64)
GC Precious Log:
 CardTable entry size: 512
 Card Set container configuration: InlinePtr #cards 5 size 8 Array Of Cards #cards 12 size 40 Howl #buckets 4 coarsen threshold 1843 Howl Bitmap #cards 512 size 80 coarsen threshold 460 Card regions per heap region 1 cards per card region 2048
 CPUs: 4 total, 4 available
 Memory: 3499M
 Large Page Support: Disabled
 NUMA Support: Disabled
 Compressed Oops: Enabled (32-bit)
 Heap Region Size: 1M
 Heap Min Capacity: 8M
 Heap Initial Capacity: 56M
 Heap Max Capacity: 876M
 Pre-touch: Disabled
 Parallel Workers: 4
 Concurrent Workers: 1
 Concurrent Refinement Workers: 4
 Periodic GC: Disabled
Heap:
 garbage-first heap   total 57344K, used 49560K [0x00000000c9400000, 0x0000000100000000)
  region size 1024K, 3 young (3072K), 2 survivors (2048K)
 Metaspace       used 17615K, committed 17984K, reserved 1114112K
  class space    used 2004K, committed 2176K, reserved 1048576K
GC Heap History (16 events):
Event: 4.685 GC heap before
{Heap before GC invocations=0 (full 0):
 garbage-first heap   total 57344K, used 13312K [0x00000000c9400000, 0x0000000100000000)
  region size 1024K, 13 young (13312K), 0 survivors (0K)
 Metaspace       used 3682K, committed 3904K, reserved 1114112K
  class space    used 375K, committed 512K, reserved 1048576K
}
Event: 4.747 GC heap after
{Heap after GC invocations=1 (full 0):
 garbage-first heap   total 57344K, used 3200K [0x00000000c9400000, 0x0000000100000000)
  region size 1024K, 2 young (2048K), 2 survivors (2048K)
 Metaspace       used 3682K, committed 3904K, reserved 1114112K
  class space    used 375K, committed 512K, reserved 1048576K
}
Event: 6.301 GC heap before
{Heap before GC invocations=1 (full 0):
 garbage-first heap   total 57344K, used 19584K [0x00000000c9400000, 0x0000000100000000)
  region size 1024K, 18 young (18432K), 2 survivors (2048K)
 Metaspace       used 6186K, committed 6336K, reserved 1114112K
  class space    used 725K, committed 832K, reserved 1048576K
}
Event: 6.308 GC heap after
{Heap after GC invocations=2 (full 0):
 garbage-first heap   total 57344K, used 3975K [0x00000000c9400000, 0x0000000100000000)
  region size 1024K, 1 young (1024K), 1 survivors (1024K)
 Metaspace       used 6186K, committed 6336K, reserved 1114112K
  class space    used 725K, committed 832K, reserved 1048576K
}
Event: 11.634 GC heap before
{Heap before GC invocations=2 (full 0):
 garbage-first heap   total 57344K, used 35719K [0x00000000c9400000, 0x0000000100000000)
  region size 1024K, 33 young (33792K), 1 survivors (1024K)
 Metaspace       used 11565K, committed 11776K, reserved 1114112K
  class space    used 1398K, committed 1472K, reserved 1048576K
}
Event: 11.645 GC heap after
{Heap after GC invocations=3 (full 0):
 garbage-first heap   total 57344K, used 6155K [0x00000000c9400000, 0x0000000100000000)
  region size 1024K, 3 young (3072K), 3 survivors (3072K)
 Metaspace       used 11565K, committed 11776K, reserved 1114112K
  class space    used 1398K, committed 1472K, reserved 1048576K
}
Event: 19.971 GC heap before
{Heap before GC invocations=3 (full 0):
 garbage-first heap   total 57344K, used 36875K [0x00000000c9400000, 0x0000000100000000)
  region size 1024K, 33 young (33792K), 3 survivors (3072K)
 Metaspace       used 15071K, committed 15296K, reserved 1114112K
  class space    used 1782K, committed 1920K, reserved 1048576K
}
Event: 19.993 GC heap after
{Heap after GC invocations=4 (full 0):
 garbage-first heap   total 57344K, used 9746K [0x00000000c9400000, 0x0000000100000000)
  region size 1024K, 5 young (5120K), 5 survivors (5120K)
 Metaspace       used 15071K, committed 15296K, reserved 1114112K
  class space    used 1782K, committed 1920K, reserved 1048576K
}
Event: 23.594 GC heap before
{Heap before GC invocations=4 (full 0):
 garbage-first heap   total 57344K, used 38418K [0x00000000c9400000, 0x0000000100000000)
  region size 1024K, 33 young (33792K), 5 survivors (5120K)
 Metaspace       used 15951K, committed 16192K, reserved 1114112K
  class space    used 1864K, committed 1984K, reserved 1048576K
}
Event: 23.622 GC heap after
{Heap after GC invocations=5 (full 0):
 garbage-first heap   total 57344K, used 13753K [0x00000000c9400000, 0x0000000100000000)
  region size 1024K, 4 young (4096K), 4 survivors (4096K)
 Metaspace       used 15951K, committed 16192K, reserved 1114112K
  class space    used 1864K, committed 1984K, reserved 1048576K
}
Event: 27.900 GC heap before
{Heap before GC invocations=5 (full 0):
 garbage-first heap   total 57344K, used 43449K [0x00000000c9400000, 0x0000000100000000)
  region size 1024K, 33 young (33792K), 4 survivors (4096K)
 Metaspace       used 16314K, committed 16576K, reserved 1114112K
  class space    used 1867K, committed 1984K, reserved 1048576K
}
Event: 27.911 GC heap after
{Heap after GC invocations=6 (full 0):
 garbage-first heap   total 57344K, used 15444K [0x00000000c9400000, 0x0000000100000000)
  region size 1024K, 2 young (2048K), 2 survivors (2048K)
 Metaspace       used 16314K, committed 16576K, reserved 1114112K
  class space    used 1867K, committed 1984K, reserved 1048576K
}
Event: 29.654 GC heap before
{Heap before GC invocations=6 (full 0):
 garbage-first heap   total 57344K, used 42068K [0x00000000c9400000, 0x0000000100000000)
  region size 1024K, 21 young (21504K), 2 survivors (2048K)
 Metaspace       used 17575K, committed 17856K, reserved 1114112K
  class space    used 2000K, committed 2176K, reserved 1048576K
}
Event: 29.663 GC heap after
{Heap after GC invocations=7 (full 0):
 garbage-first heap   total 57344K, used 24983K [0x00000000c9400000, 0x0000000100000000)
  region size 1024K, 3 young (3072K), 3 survivors (3072K)
 Metaspace       used 17575K, committed 17856K, reserved 1114112K
  class space    used 2000K, committed 2176K, reserved 1048576K
}
Event: 29.670 GC heap before
{Heap before GC invocations=7 (full 0):
 garbage-first heap   total 57344K, used 37271K [0x00000000c9400000, 0x0000000100000000)
  region size 1024K, 4 young (4096K), 3 survivors (3072K)
 Metaspace       used 17575K, committed 17856K, reserved 1114112K
  class space    used 2000K, committed 2176K, reserved 1048576K
}
Event: 29.677 GC heap after
{Heap after GC invocations=8 (full 0):
 garbage-first heap   total 57344K, used 37272K [0x00000000c9400000, 0x0000000100000000)
  region size 1024K, 2 young (2048K), 2 survivors (2048K)
 Metaspace       used 17575K, committed 17856K, reserved 1114112K
  class space    used 2000K, committed 2176K, reserved 1048576K
}

