# JRE version: Java(TM) SE Runtime Environment (21.0+35) (build 21+35-LTS-2513)
# Java VM: Java HotSpot(TM) 64-Bit Server VM (21+35-LTS-2513, mixed mode, sharing, tiered, compressed oops, compressed class ptrs, g1 gc, windows-amd64)
GC Precious Log:
 CardTable entry size: 512
 Card Set container configuration: InlinePtr #cards 5 size 8 Array Of Cards #cards 12 size 40 Howl #buckets 4 coarsen threshold 1843 Howl Bitmap #cards 512 size 80 coarsen threshold 460 Card regions per heap region 1 cards per card region 2048
 CPUs: 4 total, 4 available
 Memory: 3499M
 Large Page Support: Disabled
 NUMA Support: Disabled
 Compressed Oops: Enabled (32-bit)
 Heap Region Size: 1M
 Heap Min Capacity: 8M
 Heap Initial Capacity: 56M
 Heap Max Capacity: 876M
 Pre-touch: Disabled
 Parallel Workers: 4
 Concurrent Workers: 1
 Concurrent Refinement Workers: 4
 Periodic GC: Disabled
Heap:
 garbage-first heap   total 103424K, used 31042K [0x00000000c9400000, 0x0000000100000000)
  region size 1024K, 16 young (16384K), 4 survivors (4096K)
 Metaspace       used 21281K, committed 21632K, reserved 1114112K
  class space    used 2406K, committed 2560K, reserved 1048576K
GC Heap History (20 events):
Event: 1.439 GC heap before
{Heap before GC invocations=0 (full 0):
 garbage-first heap   total 57344K, used 13312K [0x00000000c9400000, 0x0000000100000000)
  region size 1024K, 13 young (13312K), 0 survivors (0K)
 Metaspace       used 3664K, committed 3904K, reserved 1114112K
  class space    used 375K, committed 512K, reserved 1048576K
}
Event: 1.453 GC heap after
{Heap after GC invocations=1 (full 0):
 garbage-first heap   total 57344K, used 3200K [0x00000000c9400000, 0x0000000100000000)
  region size 1024K, 2 young (2048K), 2 survivors (2048K)
 Metaspace       used 3664K, committed 3904K, reserved 1114112K
  class space    used 375K, committed 512K, reserved 1048576K
}
Event: 2.301 GC heap before
{Heap before GC invocations=1 (full 0):
 garbage-first heap   total 57344K, used 18560K [0x00000000c9400000, 0x0000000100000000)
  region size 1024K, 17 young (17408K), 2 survivors (2048K)
 Metaspace       used 6000K, committed 6208K, reserved 1114112K
  class space    used 702K, committed 832K, reserved 1048576K
}
Event: 2.309 GC heap after
{Heap after GC invocations=2 (full 0):
 garbage-first heap   total 57344K, used 4332K [0x00000000c9400000, 0x0000000100000000)
  region size 1024K, 1 young (1024K), 1 survivors (1024K)
 Metaspace       used 6000K, committed 6208K, reserved 1114112K
  class space    used 702K, committed 832K, reserved 1048576K
}
Event: 4.709 GC heap before
{Heap before GC invocations=2 (full 0):
 garbage-first heap   total 57344K, used 36076K [0x00000000c9400000, 0x0000000100000000)
  region size 1024K, 33 young (33792K), 1 survivors (1024K)
 Metaspace       used 11256K, committed 11392K, reserved 1114112K
  class space    used 1347K, committed 1408K, reserved 1048576K
}
Event: 4.720 GC heap after
{Heap after GC invocations=3 (full 0):
 garbage-first heap   total 57344K, used 6432K [0x00000000c9400000, 0x0000000100000000)
  region size 1024K, 3 young (3072K), 3 survivors (3072K)
 Metaspace       used 11256K, committed 11392K, reserved 1114112K
  class space    used 1347K, committed 1408K, reserved 1048576K
}
Event: 6.612 GC heap before
{Heap before GC invocations=3 (full 0):
 garbage-first heap   total 57344K, used 37152K [0x00000000c9400000, 0x0000000100000000)
  region size 1024K, 33 young (33792K), 3 survivors (3072K)
 Metaspace       used 15048K, committed 15296K, reserved 1114112K
  class space    used 1782K, committed 1920K, reserved 1048576K
}
Event: 6.632 GC heap after
{Heap after GC invocations=4 (full 0):
 garbage-first heap   total 57344K, used 9985K [0x00000000c9400000, 0x0000000100000000)
  region size 1024K, 5 young (5120K), 5 survivors (5120K)
 Metaspace       used 15048K, committed 15296K, reserved 1114112K
  class space    used 1782K, committed 1920K, reserved 1048576K
}
Event: 7.921 GC heap before
{Heap before GC invocations=4 (full 0):
 garbage-first heap   total 57344K, used 38657K [0x00000000c9400000, 0x0000000100000000)
  region size 1024K, 33 young (33792K), 5 survivors (5120K)
 Metaspace       used 15817K, committed 16128K, reserved 1114112K
  class space    used 1850K, committed 1984K, reserved 1048576K
}
Event: 7.954 GC heap after
{Heap after GC invocations=5 (full 0):
 garbage-first heap   total 57344K, used 13503K [0x00000000c9400000, 0x0000000100000000)
  region size 1024K, 4 young (4096K), 4 survivors (4096K)
 Metaspace       used 15817K, committed 16128K, reserved 1114112K
  class space    used 1850K, committed 1984K, reserved 1048576K
}
Event: 9.081 GC heap before
{Heap before GC invocations=5 (full 0):
 garbage-first heap   total 57344K, used 43199K [0x00000000c9400000, 0x0000000100000000)
  region size 1024K, 33 young (33792K), 4 survivors (4096K)
 Metaspace       used 16159K, committed 16448K, reserved 1114112K
  class space    used 1854K, committed 1984K, reserved 1048576K
}
Event: 9.098 GC heap after
{Heap after GC invocations=6 (full 0):
 garbage-first heap   total 57344K, used 15444K [0x00000000c9400000, 0x0000000100000000)
  region size 1024K, 2 young (2048K), 2 survivors (2048K)
 Metaspace       used 16159K, committed 16448K, reserved 1114112K
  class space    used 1854K, committed 1984K, reserved 1048576K
}
Event: 10.489 GC heap before
{Heap before GC invocations=6 (full 0):
 garbage-first heap   total 57344K, used 48212K [0x00000000c9400000, 0x0000000100000000)
  region size 1024K, 27 young (27648K), 2 survivors (2048K)
 Metaspace       used 17442K, committed 17792K, reserved 1114112K
  class space    used 1985K, committed 2176K, reserved 1048576K
}
Event: 10.499 GC heap after
{Heap after GC invocations=7 (full 0):
 garbage-first heap   total 57344K, used 25167K [0x00000000c9400000, 0x0000000100000000)
  region size 1024K, 4 young (4096K), 4 survivors (4096K)
 Metaspace       used 17442K, committed 17792K, reserved 1114112K
  class space    used 1985K, committed 2176K, reserved 1048576K
}
Event: 10.503 GC heap before
{Heap before GC invocations=7 (full 0):
 garbage-first heap   total 57344K, used 37455K [0x00000000c9400000, 0x0000000100000000)
  region size 1024K, 5 young (5120K), 4 survivors (4096K)
 Metaspace       used 17444K, committed 17792K, reserved 1114112K
  class space    used 1985K, committed 2176K, reserved 1048576K
}
Event: 10.510 GC heap after
{Heap after GC invocations=8 (full 0):
 garbage-first heap   total 57344K, used 37497K [0x00000000c9400000, 0x0000000100000000)
  region size 1024K, 2 young (2048K), 2 survivors (2048K)
 Metaspace       used 17444K, committed 17792K, reserved 1114112K
  class space    used 1985K, committed 2176K, reserved 1048576K
}
Event: 11.040 GC heap before
{Heap before GC invocations=9 (full 0):
 garbage-first heap   total 86016K, used 62073K [0x00000000c9400000, 0x0000000100000000)
  region size 1024K, 14 young (14336K), 2 survivors (2048K)
 Metaspace       used 18269K, committed 18624K, reserved 1114112K
  class space    used 2054K, committed 2240K, reserved 1048576K
}
Event: 11.047 GC heap after
{Heap after GC invocations=10 (full 0):
 garbage-first heap   total 86016K, used 17530K [0x00000000c9400000, 0x0000000100000000)
  region size 1024K, 1 young (1024K), 1 survivors (1024K)
 Metaspace       used 18269K, committed 18624K, reserved 1114112K
  class space    used 2054K, committed 2240K, reserved 1048576K
}
Event: 12.928 GC heap before
{Heap before GC invocations=10 (full 0):
 garbage-first heap   total 86016K, used 67706K [0x00000000c9400000, 0x0000000100000000)
  region size 1024K, 50 young (51200K), 1 survivors (1024K)
 Metaspace       used 19828K, committed 20224K, reserved 1114112K
  class space    used 2240K, committed 2432K, reserved 1048576K
}
Event: 12.938 GC heap after
{Heap after GC invocations=11 (full 0):
 garbage-first heap   total 103424K, used 19778K [0x00000000c9400000, 0x0000000100000000)
  region size 1024K, 4 young (4096K), 4 survivors (4096K)
 Metaspace       used 19828K, committed 20224K, reserved 1114112K
  class space    used 2240K, committed 2432K, reserved 1048576K
}

